<?xml version="1.0" encoding="UTF-8"?>
<testsuite name="com.gestioneventos.cofira.services.RutinaAlimentacionServiceTest" tests="8" skipped="0" failures="0" errors="0" timestamp="2025-12-14T21:53:21.462Z" hostname="MacBook-Pro-de-Alejandro-2.local" time="0.028">
  <properties/>
  <testcase name="testCrearRutina_EmptyMeals()" classname="com.gestioneventos.cofira.services.RutinaAlimentacionServiceTest" time="0.025"/>
  <testcase name="testEliminarRutina_NotFound()" classname="com.gestioneventos.cofira.services.RutinaAlimentacionServiceTest" time="0.001"/>
  <testcase name="testListarRutinas_NotEmpty()" classname="com.gestioneventos.cofira.services.RutinaAlimentacionServiceTest" time="0.0"/>
  <testcase name="testListarRutinas_Empty()" classname="com.gestioneventos.cofira.services.RutinaAlimentacionServiceTest" time="0.0"/>
  <testcase name="testObtenerRutina_Success()" classname="com.gestioneventos.cofira.services.RutinaAlimentacionServiceTest" time="0.001"/>
  <testcase name="testObtenerRutina_NotFound()" classname="com.gestioneventos.cofira.services.RutinaAlimentacionServiceTest" time="0.0"/>
  <testcase name="testEliminarRutina_Success()" classname="com.gestioneventos.cofira.services.RutinaAlimentacionServiceTest" time="0.0"/>
  <testcase name="testCrearRutina_SuccessWithMeals()" classname="com.gestioneventos.cofira.services.RutinaAlimentacionServiceTest" time="0.001"/>
  <system-out><![CDATA[]]></system-out>
  <system-err><![CDATA[]]></system-err>
</testsuite>
