<?xml version="1.0" encoding="UTF-8"?>
<testsuite name="com.gestioneventos.cofira.CofiraApplicationTests" tests="1" skipped="0" failures="0" errors="0" timestamp="2025-12-14T21:53:16.920Z" hostname="MacBook-Pro-de-Alejandro-2.local" time="0.011">
  <properties/>
  <testcase name="contextLoads()" classname="com.gestioneventos.cofira.CofiraApplicationTests" time="0.011"/>
  <system-out><![CDATA[22:53:14.165 [Test worker] INFO org.springframework.test.context.support.AnnotationConfigContextLoaderUtils -- Could not detect default configuration classes for test class [com.gestioneventos.cofira.CofiraApplicationTests]: CofiraApplicationTests does not declare any static, non-private, non-final, nested classes annotated with @Configuration.
22:53:14.208 [Test worker] INFO org.springframework.boot.test.context.SpringBootTestContextBootstrapper -- Found @SpringBootConfiguration com.gestioneventos.cofira.CofiraApplication for test class com.gestioneventos.cofira.CofiraApplicationTests

  .   ____          _            __ _ _
 /\\ / ___'_ __ _ _(_)_ __  __ _ \ \ \ \
( ( )\___ | '_ | '_| | '_ \/ _` | \ \ \ \
 \\/  ___)| |_)| | | | | || (_| |  ) ) ) )
  '  |____| .__|_| |_|_| |_\__, | / / / /
 =========|_|==============|___/=/_/_/_/

 :: Spring Boot ::                (v3.4.0)

2025-12-14T22:53:14.347+01:00  INFO 61814 --- [Cofira] [    Test worker] c.g.cofira.CofiraApplicationTests        : Starting CofiraApplicationTests using Java 17.0.17 with PID 61814 (started by alejandrobravocalderon in /Users/alejandrobravocalderon/Documents/repositorios/proyecto_cofira_servidor/cofira)
2025-12-14T22:53:14.348+01:00  INFO 61814 --- [Cofira] [    Test worker] c.g.cofira.CofiraApplicationTests        : No active profile set, falling back to 1 default profile: "default"
2025-12-14T22:53:14.793+01:00  INFO 61814 --- [Cofira] [    Test worker] .s.d.r.c.RepositoryConfigurationDelegate : Bootstrapping Spring Data JPA repositories in DEFAULT mode.
2025-12-14T22:53:14.821+01:00  INFO 61814 --- [Cofira] [    Test worker] .s.d.r.c.RepositoryConfigurationDelegate : Finished Spring Data repository scanning in 24 ms. Found 11 JPA repository interfaces.
2025-12-14T22:53:15.125+01:00  INFO 61814 --- [Cofira] [    Test worker] com.zaxxer.hikari.HikariDataSource       : HikariPool-1 - Starting...
2025-12-14T22:53:15.246+01:00  INFO 61814 --- [Cofira] [    Test worker] com.zaxxer.hikari.pool.HikariPool        : HikariPool-1 - Added connection org.postgresql.jdbc.PgConnection@4542af89
2025-12-14T22:53:15.248+01:00  INFO 61814 --- [Cofira] [    Test worker] com.zaxxer.hikari.HikariDataSource       : HikariPool-1 - Start completed.
2025-12-14T22:53:15.276+01:00  INFO 61814 --- [Cofira] [    Test worker] org.flywaydb.core.FlywayExecutor         : Database: jdbc:postgresql://localhost:5432/cofira (PostgreSQL 16.11)
2025-12-14T22:53:15.299+01:00  INFO 61814 --- [Cofira] [    Test worker] o.f.core.internal.command.DbValidate     : Successfully validated 2 migrations (execution time 00:00.012s)
2025-12-14T22:53:15.323+01:00  INFO 61814 --- [Cofira] [    Test worker] o.f.core.internal.command.DbMigrate      : Current version of schema "public": 1
2025-12-14T22:53:15.325+01:00  INFO 61814 --- [Cofira] [    Test worker] o.f.core.internal.command.DbMigrate      : Schema "public" is up to date. No migration necessary.
2025-12-14T22:53:15.372+01:00  INFO 61814 --- [Cofira] [    Test worker] o.hibernate.jpa.internal.util.LogHelper  : HHH000204: Processing PersistenceUnitInfo [name: default]
2025-12-14T22:53:15.394+01:00  INFO 61814 --- [Cofira] [    Test worker] org.hibernate.Version                    : HHH000412: Hibernate ORM core version 6.6.2.Final
2025-12-14T22:53:15.404+01:00  INFO 61814 --- [Cofira] [    Test worker] o.h.c.internal.RegionFactoryInitiator    : HHH000026: Second-level cache disabled
2025-12-14T22:53:15.448+01:00  INFO 61814 --- [Cofira] [    Test worker] o.s.o.j.p.SpringPersistenceUnitInfo      : No LoadTimeWeaver setup: ignoring JPA class transformer
2025-12-14T22:53:15.470+01:00  WARN 61814 --- [Cofira] [    Test worker] org.hibernate.orm.deprecation            : HHH90000025: PostgreSQLDialect does not need to be specified explicitly using 'hibernate.dialect' (remove the property setting and it will be selected by default)
2025-12-14T22:53:15.478+01:00  INFO 61814 --- [Cofira] [    Test worker] org.hibernate.orm.connections.pooling    : HHH10001005: Database info:
	Database JDBC URL [Connecting through datasource 'HikariDataSource (HikariPool-1)']
	Database driver: undefined/unknown
	Database version: 16.11
	Autocommit mode: undefined/unknown
	Isolation level: undefined/unknown
	Minimum pool size: undefined/unknown
	Maximum pool size: undefined/unknown
2025-12-14T22:53:15.900+01:00  INFO 61814 --- [Cofira] [    Test worker] o.h.e.t.j.p.i.JtaPlatformInitiator       : HHH000489: No JTA platform available (set 'hibernate.transaction.jta.platform' to enable JTA platform integration)
2025-12-14T22:53:15.927+01:00  INFO 61814 --- [Cofira] [    Test worker] j.LocalContainerEntityManagerFactoryBean : Initialized JPA EntityManagerFactory for persistence unit 'default'
2025-12-14T22:53:16.067+01:00  INFO 61814 --- [Cofira] [    Test worker] o.s.d.j.r.query.QueryEnhancerFactory     : Hibernate is in classpath; If applicable, HQL parser will be used.
2025-12-14T22:53:16.231+01:00  INFO 61814 --- [Cofira] [    Test worker] eAuthenticationProviderManagerConfigurer : Global AuthenticationManager configured with AuthenticationProvider bean with name authenticationProvider
2025-12-14T22:53:16.231+01:00  WARN 61814 --- [Cofira] [    Test worker] r$InitializeUserDetailsManagerConfigurer : Global AuthenticationManager configured with an AuthenticationProvider bean. UserDetailsService beans will not be used by Spring Security for automatically configuring username/password login. Consider removing the AuthenticationProvider bean. Alternatively, consider using the UserDetailsService in a manually instantiated DaoAuthenticationProvider. If the current configuration is intentional, to turn off this warning, increase the logging level of 'org.springframework.security.config.annotation.authentication.configuration.InitializeUserDetailsBeanManagerConfigurer' to ERROR
2025-12-14T22:53:16.406+01:00  WARN 61814 --- [Cofira] [    Test worker] JpaBaseConfiguration$JpaWebConfiguration : spring.jpa.open-in-view is enabled by default. Therefore, database queries may be performed during view rendering. Explicitly configure spring.jpa.open-in-view to disable this warning
2025-12-14T22:53:16.629+01:00  INFO 61814 --- [Cofira] [    Test worker] o.s.b.a.e.web.EndpointLinksResolver      : Exposing 4 endpoints beneath base path '/actuator'
2025-12-14T22:53:16.902+01:00  INFO 61814 --- [Cofira] [    Test worker] c.g.cofira.CofiraApplicationTests        : Started CofiraApplicationTests in 2.641 seconds (process running for 3.753)
]]></system-out>
  <system-err><![CDATA[]]></system-err>
</testsuite>
