<?xml version="1.0" encoding="UTF-8"?>
<testsuite name="Tests del PlanController" tests="10" skipped="0" failures="0" errors="0" timestamp="2025-12-14T21:53:18.861Z" hostname="MacBook-Pro-de-Alejandro-2.local" time="0.065">
  <properties/>
  <testcase name="PUT /api/planes/{id} - Actualizar plan inexistente retorna 404" classname="com.gestioneventos.cofira.controllers.PlanControllerTest" time="0.022"/>
  <testcase name="GET /api/planes/usuario/{usuarioId} - Obtener plan por usuario" classname="com.gestioneventos.cofira.controllers.PlanControllerTest" time="0.007"/>
  <testcase name="GET /api/planes - Usuario autenticado puede listar planes" classname="com.gestioneventos.cofira.controllers.PlanControllerTest" time="0.005"/>
  <testcase name="GET /api/planes/{id} - Obtener plan existente" classname="com.gestioneventos.cofira.controllers.PlanControllerTest" time="0.004"/>
  <testcase name="GET /api/planes/{id} - Obtener plan inexistente retorna 404" classname="com.gestioneventos.cofira.controllers.PlanControllerTest" time="0.004"/>
  <testcase name="PUT /api/planes/{id} - Actualizar plan existente" classname="com.gestioneventos.cofira.controllers.PlanControllerTest" time="0.004"/>
  <testcase name="DELETE /api/planes/{id} - Eliminar plan inexistente retorna 404" classname="com.gestioneventos.cofira.controllers.PlanControllerTest" time="0.004"/>
  <testcase name="POST /api/planes - Crear plan con datos válidos" classname="com.gestioneventos.cofira.controllers.PlanControllerTest" time="0.006"/>
  <testcase name="DELETE /api/planes/{id} - Eliminar plan existente" classname="com.gestioneventos.cofira.controllers.PlanControllerTest" time="0.003"/>
  <testcase name="POST /api/planes - Crear plan con datos inválidos retorna 400" classname="com.gestioneventos.cofira.controllers.PlanControllerTest" time="0.005"/>
  <system-out><![CDATA[2025-12-14T22:53:18.092+01:00  INFO 61814 --- [Cofira] [    Test worker] t.c.s.AnnotationConfigContextLoaderUtils : Could not detect default configuration classes for test class [com.gestioneventos.cofira.controllers.PlanControllerTest]: PlanControllerTest does not declare any static, non-private, non-final, nested classes annotated with @Configuration.
2025-12-14T22:53:18.093+01:00  INFO 61814 --- [Cofira] [    Test worker] .b.t.c.SpringBootTestContextBootstrapper : Found @SpringBootConfiguration com.gestioneventos.cofira.CofiraApplication for test class com.gestioneventos.cofira.controllers.PlanControllerTest

  .   ____          _            __ _ _
 /\\ / ___'_ __ _ _(_)_ __  __ _ \ \ \ \
( ( )\___ | '_ | '_| | '_ \/ _` | \ \ \ \
 \\/  ___)| |_)| | | | | || (_| |  ) ) ) )
  '  |____| .__|_| |_|_| |_\__, | / / / /
 =========|_|==============|___/=/_/_/_/

 :: Spring Boot ::                (v3.4.0)

2025-12-14T22:53:18.101+01:00  INFO 61814 --- [Cofira] [    Test worker] c.g.c.controllers.PlanControllerTest     : Starting PlanControllerTest using Java 17.0.17 with PID 61814 (started by alejandrobravocalderon in /Users/alejandrobravocalderon/Documents/repositorios/proyecto_cofira_servidor/cofira)
2025-12-14T22:53:18.101+01:00  INFO 61814 --- [Cofira] [    Test worker] c.g.c.controllers.PlanControllerTest     : No active profile set, falling back to 1 default profile: "default"
2025-12-14T22:53:18.219+01:00  INFO 61814 --- [Cofira] [    Test worker] .s.d.r.c.RepositoryConfigurationDelegate : Bootstrapping Spring Data JPA repositories in DEFAULT mode.
2025-12-14T22:53:18.229+01:00  INFO 61814 --- [Cofira] [    Test worker] .s.d.r.c.RepositoryConfigurationDelegate : Finished Spring Data repository scanning in 9 ms. Found 11 JPA repository interfaces.
2025-12-14T22:53:18.294+01:00  INFO 61814 --- [Cofira] [    Test worker] com.zaxxer.hikari.HikariDataSource       : HikariPool-3 - Starting...
2025-12-14T22:53:18.304+01:00  INFO 61814 --- [Cofira] [    Test worker] com.zaxxer.hikari.pool.HikariPool        : HikariPool-3 - Added connection org.postgresql.jdbc.PgConnection@2034e91c
2025-12-14T22:53:18.304+01:00  INFO 61814 --- [Cofira] [    Test worker] com.zaxxer.hikari.HikariDataSource       : HikariPool-3 - Start completed.
2025-12-14T22:53:18.305+01:00  INFO 61814 --- [Cofira] [    Test worker] org.flywaydb.core.FlywayExecutor         : Database: jdbc:postgresql://localhost:5432/cofira (PostgreSQL 16.11)
2025-12-14T22:53:18.313+01:00  INFO 61814 --- [Cofira] [    Test worker] o.f.core.internal.command.DbValidate     : Successfully validated 2 migrations (execution time 00:00.003s)
2025-12-14T22:53:18.327+01:00  INFO 61814 --- [Cofira] [    Test worker] o.f.core.internal.command.DbMigrate      : Current version of schema "public": 1
2025-12-14T22:53:18.328+01:00  INFO 61814 --- [Cofira] [    Test worker] o.f.core.internal.command.DbMigrate      : Schema "public" is up to date. No migration necessary.
2025-12-14T22:53:18.341+01:00  INFO 61814 --- [Cofira] [    Test worker] o.hibernate.jpa.internal.util.LogHelper  : HHH000204: Processing PersistenceUnitInfo [name: default]
2025-12-14T22:53:18.343+01:00  INFO 61814 --- [Cofira] [    Test worker] o.h.c.internal.RegionFactoryInitiator    : HHH000026: Second-level cache disabled
2025-12-14T22:53:18.346+01:00  INFO 61814 --- [Cofira] [    Test worker] o.s.o.j.p.SpringPersistenceUnitInfo      : No LoadTimeWeaver setup: ignoring JPA class transformer
2025-12-14T22:53:18.351+01:00  WARN 61814 --- [Cofira] [    Test worker] org.hibernate.orm.deprecation            : HHH90000025: PostgreSQLDialect does not need to be specified explicitly using 'hibernate.dialect' (remove the property setting and it will be selected by default)
2025-12-14T22:53:18.351+01:00  INFO 61814 --- [Cofira] [    Test worker] org.hibernate.orm.connections.pooling    : HHH10001005: Database info:
	Database JDBC URL [Connecting through datasource 'HikariDataSource (HikariPool-3)']
	Database driver: undefined/unknown
	Database version: 16.11
	Autocommit mode: undefined/unknown
	Isolation level: undefined/unknown
	Minimum pool size: undefined/unknown
	Maximum pool size: undefined/unknown
2025-12-14T22:53:18.422+01:00  INFO 61814 --- [Cofira] [    Test worker] o.h.e.t.j.p.i.JtaPlatformInitiator       : HHH000489: No JTA platform available (set 'hibernate.transaction.jta.platform' to enable JTA platform integration)
2025-12-14T22:53:18.437+01:00  INFO 61814 --- [Cofira] [    Test worker] j.LocalContainerEntityManagerFactoryBean : Initialized JPA EntityManagerFactory for persistence unit 'default'
2025-12-14T22:53:18.499+01:00  INFO 61814 --- [Cofira] [    Test worker] eAuthenticationProviderManagerConfigurer : Global AuthenticationManager configured with AuthenticationProvider bean with name authenticationProvider
2025-12-14T22:53:18.499+01:00  WARN 61814 --- [Cofira] [    Test worker] r$InitializeUserDetailsManagerConfigurer : Global AuthenticationManager configured with an AuthenticationProvider bean. UserDetailsService beans will not be used by Spring Security for automatically configuring username/password login. Consider removing the AuthenticationProvider bean. Alternatively, consider using the UserDetailsService in a manually instantiated DaoAuthenticationProvider. If the current configuration is intentional, to turn off this warning, increase the logging level of 'org.springframework.security.config.annotation.authentication.configuration.InitializeUserDetailsBeanManagerConfigurer' to ERROR
2025-12-14T22:53:18.571+01:00  WARN 61814 --- [Cofira] [    Test worker] JpaBaseConfiguration$JpaWebConfiguration : spring.jpa.open-in-view is enabled by default. Therefore, database queries may be performed during view rendering. Explicitly configure spring.jpa.open-in-view to disable this warning
2025-12-14T22:53:18.687+01:00  INFO 61814 --- [Cofira] [    Test worker] o.s.b.a.e.web.EndpointLinksResolver      : Exposing 4 endpoints beneath base path '/actuator'
2025-12-14T22:53:18.843+01:00  INFO 61814 --- [Cofira] [    Test worker] o.s.b.t.m.w.SpringBootMockServletContext : Initializing Spring TestDispatcherServlet ''
2025-12-14T22:53:18.843+01:00  INFO 61814 --- [Cofira] [    Test worker] o.s.t.web.servlet.TestDispatcherServlet  : Initializing Servlet ''
2025-12-14T22:53:18.843+01:00  INFO 61814 --- [Cofira] [    Test worker] o.s.t.web.servlet.TestDispatcherServlet  : Completed initialization in 0 ms
2025-12-14T22:53:18.860+01:00  INFO 61814 --- [Cofira] [    Test worker] c.g.c.controllers.PlanControllerTest     : Started PlanControllerTest in 0.765 seconds (process running for 5.711)
]]></system-out>
  <system-err><![CDATA[]]></system-err>
</testsuite>
