<?xml version="1.0" encoding="UTF-8"?>
<testsuite name="com.gestioneventos.cofira.services.AuthServiceTest" tests="8" skipped="0" failures="0" errors="0" timestamp="2025-12-14T21:53:21.253Z" hostname="MacBook-Pro-de-Alejandro-2.local" time="0.144">
  <properties/>
  <testcase name="testLogin_Success()" classname="com.gestioneventos.cofira.services.AuthServiceTest" time="0.119"/>
  <testcase name="testRegister_DuplicateUsername()" classname="com.gestioneventos.cofira.services.AuthServiceTest" time="0.001"/>
  <testcase name="testGetCurrentUser_UserNotFoundAfterAuthentication()" classname="com.gestioneventos.cofira.services.AuthServiceTest" time="0.019"/>
  <testcase name="testRegister_DuplicateEmail()" classname="com.gestioneventos.cofira.services.AuthServiceTest" time="0.001"/>
  <testcase name="testGetCurrentUser_Success()" classname="com.gestioneventos.cofira.services.AuthServiceTest" time="0.001"/>
  <testcase name="testRegister_Success()" classname="com.gestioneventos.cofira.services.AuthServiceTest" time="0.001"/>
  <testcase name="testLogout_Success()" classname="com.gestioneventos.cofira.services.AuthServiceTest" time="0.001"/>
  <testcase name="testCleanupExpiredTokens()" classname="com.gestioneventos.cofira.services.AuthServiceTest" time="0.001"/>
  <system-out><![CDATA[]]></system-out>
  <system-err><![CDATA[]]></system-err>
</testsuite>
